build/outputs/mapping/release/seeds.txt
com.wei.grabmoney.R$anim: int anim_dialog_enter
com.wei.grabmoney.R$anim: int anim_dialog_exit
com.wei.grabmoney.R$anim: int anim_splash_enter
com.wei.grabmoney.R$color: int bg_seprate
com.wei.grabmoney.R$color: int black
com.wei.grabmoney.R$color: int dark_gray
com.wei.grabmoney.R$color: int gray_bg_light
com.wei.grabmoney.R$color: int gray_text
com.wei.grabmoney.R$color: int grey_to_red_selector
com.wei.grabmoney.R$color: int sad_light_gray
com.wei.grabmoney.R$color: int white
com.wei.grabmoney.R$color: int wine_red
com.wei.grabmoney.R$dimen: int BigTextSize
com.wei.grabmoney.R$dimen: int BiggerTextSize
com.wei.grabmoney.R$dimen: int LargePadding
com.wei.grabmoney.R$dimen: int NormalPadding
com.wei.grabmoney.R$dimen: int NormalTextSize
com.wei.grabmoney.R$dimen: int SmallPadding
com.wei.grabmoney.R$dimen: int activity_horizontal_margin
com.wei.grabmoney.R$dimen: int activity_vertical_margin
com.wei.grabmoney.R$dimen: int corner
com.wei.grabmoney.R$dimen: int title_height
com.wei.grabmoney.R$drawable: int back_btn_normal
com.wei.grabmoney.R$drawable: int background
com.wei.grabmoney.R$drawable: int bg_divider
com.wei.grabmoney.R$drawable: int btn_background
com.wei.grabmoney.R$drawable: int btn_close
com.wei.grabmoney.R$drawable: int btn_normal
com.wei.grabmoney.R$drawable: int btn_pressed
com.wei.grabmoney.R$drawable: int btn_reward_selector
com.wei.grabmoney.R$drawable: int btn_selector
com.wei.grabmoney.R$drawable: int btn_set_nor
com.wei.grabmoney.R$drawable: int btn_set_pre
com.wei.grabmoney.R$drawable: int btn_setting_selector
com.wei.grabmoney.R$drawable: int btn_start_selector
com.wei.grabmoney.R$drawable: int buttonbg
com.wei.grabmoney.R$drawable: int editable_bg_selector
com.wei.grabmoney.R$drawable: int ic_big_app
com.wei.grabmoney.R$drawable: int ic_launcher
com.wei.grabmoney.R$drawable: int ic_more
com.wei.grabmoney.R$drawable: int ic_open
com.wei.grabmoney.R$drawable: int ic_protected
com.wei.grabmoney.R$drawable: int ic_qr_pay
com.wei.grabmoney.R$drawable: int item_bg
com.wei.grabmoney.R$drawable: int text_tab_bg_selected
com.wei.grabmoney.R$drawable: int time_bg
com.wei.grabmoney.R$drawable: int title_bar_back_bg_selector
com.wei.grabmoney.R$id: int action_settings
com.wei.grabmoney.R$id: int address
com.wei.grabmoney.R$id: int app_name
com.wei.grabmoney.R$id: int back_btn
com.wei.grabmoney.R$id: int btn_reward
com.wei.grabmoney.R$id: int btn_start
com.wei.grabmoney.R$id: int chk_fastest
com.wei.grabmoney.R$id: int container
com.wei.grabmoney.R$id: int content
com.wei.grabmoney.R$id: int delay_seekBar
com.wei.grabmoney.R$id: int ll_head
com.wei.grabmoney.R$id: int ll_service
com.wei.grabmoney.R$id: int ll_wx
com.wei.grabmoney.R$id: int logo
com.wei.grabmoney.R$id: int phone
com.wei.grabmoney.R$id: int rdoBtn_nothing
com.wei.grabmoney.R$id: int rdoBtn_vibrate
com.wei.grabmoney.R$id: int rdoBtn_voice
com.wei.grabmoney.R$id: int rl_splash
com.wei.grabmoney.R$id: int title
com.wei.grabmoney.R$id: int title_back
com.wei.grabmoney.R$id: int title_container
com.wei.grabmoney.R$id: int title_custom
com.wei.grabmoney.R$id: int txt_currentState
com.wei.grabmoney.R$id: int txt_delayTime
com.wei.grabmoney.R$id: int txt_integralwall
com.wei.grabmoney.R$id: int txt_time
com.wei.grabmoney.R$id: int version
com.wei.grabmoney.R$id: int view_divider
com.wei.grabmoney.R$id: int voice_vibrate
com.wei.grabmoney.R$layout: int activity_about
com.wei.grabmoney.R$layout: int activity_be_care
com.wei.grabmoney.R$layout: int activity_instructions
com.wei.grabmoney.R$layout: int activity_main
com.wei.grabmoney.R$layout: int activity_reward
com.wei.grabmoney.R$layout: int activity_setting
com.wei.grabmoney.R$layout: int activity_splash
com.wei.grabmoney.R$layout: int title_bar
com.wei.grabmoney.R$menu: int main
com.wei.grabmoney.R$raw: int hongbao_arrived
...
net.youmi.android.c.a
net.youmi.android.c.a: java.lang.String a
net.youmi.android.c.a: java.lang.String b
net.youmi.android.c.a: java.io.File c
net.youmi.android.c.a: java.io.File d
net.youmi.android.c.a: java.lang.String e
net.youmi.android.c.a: long f
net.youmi.android.c.a: int g
net.youmi.android.c.a: java.lang.String h
net.youmi.android.c.a: a(java.lang.String,java.lang.String,long,int)
net.youmi.android.c.a: a(java.lang.String,java.lang.String)
net.youmi.android.c.a: boolean a()
net.youmi.android.c.a: void a(java.lang.String)
net.youmi.android.c.a: java.lang.String b()
net.youmi.android.c.a: java.io.File c()
net.youmi.android.c.a: void a(java.io.File)
net.youmi.android.c.a: java.io.File d()
net.youmi.android.c.a: void b(java.io.File)
net.youmi.android.c.a: int hashCode()
net.youmi.android.c.a: boolean equals(java.lang.Object)
net.youmi.android.c.a: java.lang.String toString()
net.youmi.android.c.b
net.youmi.android.c.b: java.lang.Throwable a
net.youmi.android.c.b: int b
net.youmi.android.c.b: b(int,java.lang.Throwable)
net.youmi.android.c.b: b(int)
net.youmi.android.c.b: java.lang.String toString()
net.youmi.android.c.b: int a()
net.youmi.android.c.c
net.youmi.android.c.c: long a
net.youmi.android.c.c: boolean b
net.youmi.android.c.c: boolean c
net.youmi.android.c.c: android.content.Context d
net.youmi.android.c.c: net.youmi.android.c.a e
net.youmi.android.c.c: c(android.content.Context,net.youmi.android.c.a)
net.youmi.android.c.c: boolean b()
net.youmi.android.c.c: net.youmi.android.c.b a()
net.youmi.android.c.d
net.youmi.android.c.d: boolean a(android.content.Context,java.lang.String,java.lang.String,java.lang.String,java.lang.String)
net.youmi.android.d
net.youmi.android.d: java.lang.String a
net.youmi.android.d: java.lang.String b
net.youmi.android.d: boolean c
net.youmi.android.d: boolean d
net.youmi.android.d: net.youmi.android.OnSdkInitListener e
net.youmi.android.d: net.youmi.android.AdManager f
net.youmi.android.d: d(net.youmi.android.AdManager,java.lang.String,java.lang.String,boolean,boolean,net.youmi.android.OnSdkInitListener)
net.youmi.android.d: void run()
net.youmi.android.d.a
net.youmi.android.d.a: java.util.List a
net.youmi.android.d.a: a()
net.youmi.android.d.a: java.util.List b()
net.youmi.android.d.a: boolean a(java.lang.Object)
net.youmi.android.d.a: boolean b(java.lang.Object)
net.youmi.android.d.a: void c()
net.youmi.android.e
net.youmi.android.e: boolean a
net.youmi.android.e: net.youmi.android.d b
net.youmi.android.e: e(net.youmi.android.d,boolean)
net.youmi.android.e: void run()
net.youmi.android.e.a
net.youmi.android.e.a: boolean a(android.content.Context,java.lang.String,java.lang.String,java.lang.String,java.lang.String)
net.youmi.android.e.a: java.lang.String b(android.content.Context,java.lang.String,java.lang.String,java.lang.String,java.lang.String)