build/outputs/mapping/release/mapping.txt
com.wei.grabmoney.bean.LuckMoneyInfo -> com.wei.grabmoney.bean.LuckMoneyInfo:
    java.lang.String TAG -> TAG
    java.lang.String TARGET_SYMBOL -> TARGET_SYMBOL
    java.lang.String mSender -> mSender
    java.lang.String mContent -> mContent
    java.lang.String mTime -> mTime
    boolean others -> others
    android.view.accessibility.AccessibilityNodeInfo mNodeInfo -> mNodeInfo
    void <init>() -> <init>
    boolean isNodeCanOpen(android.view.accessibility.AccessibilityNodeInfo,java.lang.String) -> isNodeCanOpen
    java.lang.String getSenderAndTime(android.view.accessibility.AccessibilityNodeInfo) -> getSenderAndTime
    void cleanInfos() -> cleanInfos
com.wei.grabmoney.bean.PermissionModel -> com.wei.grabmoney.bean.PermissionModel:
    java.lang.String permission -> permission
    java.lang.String explain -> explain
    int requestCode -> requestCode
    void <init>(java.lang.String,java.lang.String,int) -> <init>
com.wei.grabmoney.service.GrabMoneyService -> com.wei.grabmoney.service.GrabMoneyService:
    java.lang.String WX_PKG -> d
    java.lang.String QQ_PKG -> e
    java.lang.String className -> f
    android.app.KeyguardManager keyguardManager -> g
    android.app.KeyguardManager$KeyguardLock keyguardLock -> h
    android.os.PowerManager powerManager -> i
    android.os.PowerManager$WakeLock wakeLock -> j
    android.os.Vibrator vibrator -> k
    com.wei.grabmoney.bean.LuckMoneyInfo luckMoneyInfo -> l
    boolean isAllClosed -> m
    boolean hasOpenBtn -> n
    boolean isFromHome -> o
    com.wei.grabmoney.utils.SharedPreUtils mSharedPreUtils -> p
    android.media.SoundPool mSoundPool -> q
    java.util.HashMap soundMap -> r
    long lastClickTime -> a
    long lastClickTime2 -> b
    long lastClickTime3 -> c
    void <init>() -> <init>
    void onAccessibilityEvent(android.view.accessibility.AccessibilityEvent) -> onAccessibilityEvent
    void openOrClose() -> a
    java.util.List getFailtInfos(android.view.accessibility.AccessibilityNodeInfo) -> a
    void dealNotificationEven(android.view.accessibility.AccessibilityEvent) -> a
    void closeUI(java.lang.String) -> a
    android.view.accessibility.AccessibilityNodeInfo getOpenButtons() -> b
    void getMoney() -> c
    void getQQMoney() -> d
    void clickWallet(android.view.accessibility.AccessibilityNodeInfo) -> b
    boolean isCanGet(android.view.accessibility.AccessibilityNodeInfo) -> c
com.wei.grabmoney.ui.AboutActivity -> com.wei.grabmoney.ui.AboutActivity:
    void <init>() -> <init>
    void onCreate(android.os.Bundle) -> onCreate
    void initView() -> c
com.wei.grabmoney.ui.BaseActivity -> com.wei.grabmoney.ui.BaseActivity:
    java.lang.String TAG -> q
    java.lang.String SHARE_URL -> a
    android.content.Context mContext -> b
    android.widget.LinearLayout viewGroup -> r
    android.widget.LinearLayout titleCustom -> c
    android.widget.LinearLayout container -> d
    android.widget.RelativeLayout titleContainer -> e
    android.widget.LinearLayout headMid -> f
    android.view.View back -> g
    android.widget.TextView title -> h
    int SHOW_YOUMI -> i
    int SHOW_WPAS -> j
    java.lang.String APP_PID -> k
    java.lang.String ALIPAY_PKG -> l
    float pointsBalance -> m
    android.os.Handler mHandler -> n
    java.lang.String displayPointsText -> o
    java.lang.Runnable mUpdateResults -> p
    void <init>() -> <init>
    void onCreate(android.os.Bundle) -> onCreate
    void initBaseView() -> c
    void setContentView(int) -> setContentView
    void setCustomTitle(java.lang.String) -> a
    void setupBannerAd(int) -> a
    void showWpasBanner() -> d
    void showWpasSpot() -> a
    void showMsg(java.lang.String) -> b
    void showOffersWall() -> b
    void getUpdatePoints(java.lang.String,int) -> getUpdatePoints
    void getUpdatePointsFailed(java.lang.String) -> getUpdatePointsFailed
    void onResume() -> onResume
    void onDestroy() -> onDestroy
    java.lang.String access$000(com.wei.grabmoney.ui.BaseActivity) -> a
...
net.youmi.android.g.c -> net.youmi.android.g.c:
    net.youmi.android.g.b a -> a
    void a(java.lang.Runnable) -> a
    void <clinit>() -> <clinit>
net.youmi.android.h -> net.youmi.android.h:
    int a -> a
    int b -> b
    int c -> c
    net.youmi.android.onlineconfig.ntp.NtpResultListener d -> d
    net.youmi.android.AdManager e -> e
    void <init>(net.youmi.android.AdManager,int,int,int,net.youmi.android.onlineconfig.ntp.NtpResultListener) -> <init>
    void run() -> run
net.youmi.android.h.a -> net.youmi.android.h.a:
    java.lang.Object a(java.lang.Object,java.lang.Object) -> a
net.youmi.android.h.b -> net.youmi.android.h.b:
    void <init>() -> <init>
    boolean a(int,java.lang.String,java.lang.String) -> a
    boolean a(dalvik.system.BaseDexClassLoader,int,java.lang.String,java.lang.String) -> a
net.youmi.android.h.c -> net.youmi.android.h.c:
    java.lang.Object a(java.lang.Object,java.lang.String) -> a
    boolean a(java.lang.Object,java.lang.String,java.lang.Object) -> a
net.youmi.android.i -> net.youmi.android.i:
    boolean a -> a
    net.youmi.android.h b -> b
    void <init>(net.youmi.android.h,boolean) -> <init>
    void run() -> run
net.youmi.android.i.a -> net.youmi.android.i.a:
    long a -> a
    java.nio.channels.SelectionKey b -> b
    void <init>(java.nio.channels.SelectableChannel,long) -> <init>
    void a(java.nio.channels.SelectionKey,long) -> a
    void a() -> a
net.youmi.android.i.b -> net.youmi.android.i.b:
    net.youmi.android.i.d[] a -> a
    void <init>() -> <init>
    void a(int,net.youmi.android.i.j) -> a
    int a(net.youmi.android.i.j) -> a
net.youmi.android.i.c -> net.youmi.android.i.c:
net.youmi.android.i.d -> net.youmi.android.i.d:
    net.youmi.android.i.j a -> a
    int b -> b
    net.youmi.android.i.d c -> c
    void <init>() -> <init>
    void <init>(net.youmi.android.i.c) -> <init>
net.youmi.android.i.e -> net.youmi.android.i.e:
    byte[] a -> a
    int b -> b
    int c -> c
    int d -> d
    int e -> e
    void <init>(byte[]) -> <init>
    int a() -> a
    int b() -> b
    void c(int) -> c
    void a(int) -> a
    void c() -> c
    void d() -> d
    int e() -> e
    int f() -> f
    long g() -> g
    void a(byte[],int,int) -> a
    byte[] b(int) -> b
    byte[] a(int,int) -> a
net.youmi.android.i.f -> net.youmi.android.i.f:
    byte[] a -> a
    int b -> b
    int c -> c
    void <init>(int) -> <init>
    void <init>() -> <init>
    int a() -> a
    void a(long,int) -> a
    void c(int) -> c
    void a(int) -> a
    void b(int) -> b
    void a(byte[],int,int) -> a
    byte[] b() -> b
net.youmi.android.i.g -> net.youmi.android.i.g:
    net.youmi.android.i.h a -> a
    java.util.List[] b -> b
    net.youmi.android.i.i c -> c
    byte[] d -> d
    java.text.DecimalFormat e -> e
    net.youmi.android.i.e f -> f
    java.util.ArrayList g -> g
    void <init>(java.lang.String) -> <init>
    void <init>(byte[]) -> <init>
    void <init>(net.youmi.android.i.e) -> <init>
    byte[] a(net.youmi.android.i.e,int) -> a
    net.youmi.android.i.j a(net.youmi.android.i.j,net.youmi.android.i.j) -> a
    void a(net.youmi.android.i.i,int) -> a
    byte[] a(int) -> a
    java.lang.String a(byte[],boolean) -> a
    java.util.ArrayList a() -> a
    void <clinit>() -> <clinit>
net.youmi.android.i.h -> net.youmi.android.i.h:
    int b -> b
    int c -> c
    int[] d -> d
    java.util.Random e -> e
    net.youmi.android.i.g a -> a
    void <init>(net.youmi.android.i.g) -> <init>
    void <init>(net.youmi.android.i.g,int) -> <init>
    void <init>(net.youmi.android.i.g,net.youmi.android.i.e) -> <init>
    void a(net.youmi.android.i.f) -> a
    int a() -> a
    int a(int) -> a
    java.lang.Object clone() -> clone
    void b(int) -> b
net.youmi.android.i.i -> net.youmi.android.i.i:
    net.youmi.android.i.j a -> a
    net.youmi.android.i.g b -> b
    void <init>(net.youmi.android.i.g) -> <init>
    void a(net.youmi.android.i.f,int,int,net.youmi.android.i.b) -> a