build/outputs/mapping/release/usage.txt
com.wei.grabmoney.BuildConfig
com.wei.grabmoney.R
com.wei.grabmoney.R$anim
com.wei.grabmoney.R$attr
com.wei.grabmoney.R$color
com.wei.grabmoney.R$dimen
com.wei.grabmoney.R$drawable
com.wei.grabmoney.R$id
com.wei.grabmoney.R$layout
com.wei.grabmoney.R$menu
com.wei.grabmoney.R$raw
com.wei.grabmoney.R$string
com.wei.grabmoney.R$style
com.wei.grabmoney.R$xml
com.wei.grabmoney.constant.GlobalVariable
com.wei.grabmoney.service.GrabMoneyService:
    private static final java.lang.String TAG
    private static final java.lang.String OPENBTN_ID
    private static final java.lang.String RECEIVEUI_CLOSEBTN_ID
    private static final java.lang.String DETAILUI_CLOSEBTN_ID
    private static final int PERIOD_TIME
    private static final java.lang.String WEIXIN_CLASSNAME
    private static final java.lang.String WEIXIN_LUCKYMONEYRECEIVEUI
    private static final java.lang.String WEIXIN_MONEY_TEXT
    private static final java.lang.String WEIXIN_LUCKYMONEYDETAILUI
    private static final java.lang.String GETMONEY_TEXT
    private static final java.lang.String CHECKMONEY_TEXT
    private static final java.lang.String FAILT_TEXT
    private static final java.lang.String TIMEOUT_TEXT
    private static final java.lang.String QQ_WALLET
    private static final java.lang.String QQ_CHAT
    private static final java.lang.String QQ_TIPS
    private static final java.lang.String QQ_COMMAND
    private static final java.lang.String QQ_CLICK_COMMAND
    private static final java.lang.String QQ_MONEY_TEXT
    655:665:private void setServiceToForeground()
com.wei.grabmoney.ui.BaseActivity:
    90:92:public void hideTitle()
    95:97:public void setCustomTitle(int)
    140:149:protected void showSpotAds(int)
    169:189:protected void showAlertDialog(java.lang.String,java.lang.String,java.lang.String,android.view.View$OnClickListener)
com.wei.grabmoney.ui.BaseActivity$3
com.wei.grabmoney.ui.BaseActivity$4
com.wei.grabmoney.ui.MainActivity:
    public static final java.lang.String MARK_WORK
    public static final java.lang.String DELAY_TIME
    public static final java.lang.String FASTEST_CHECKED
    public static final java.lang.String HAS_PAYED
    public static final java.lang.String VOICE_VIBRATE
    public static final java.lang.String VOICE
    public static final java.lang.String VIBRATE
    public static final java.lang.String NOTHING
com.wei.grabmoney.utils.Log:
    private static final boolean IS_DEBUG
    6:6:public Log()
    33:33:public static void i(java.lang.String,java.lang.String)
    40:40:public static void e(java.lang.String,java.lang.String,java.lang.Throwable)
com.wei.grabmoney.utils.SharedPreUtils:
    47:49:public void putInt(java.lang.String,int)
    53:53:public int getInt(java.lang.String,int)
com.wei.grabmoney.utils.TextOptUtils:
    10:10:public TextOptUtils()
...
android.support.v4.view.ViewPager$4
android.support.v4.view.ViewPager$DecorView
android.support.v4.view.ViewPager$ItemInfo
android.support.v4.view.ViewPager$LayoutParams
android.support.v4.view.ViewPager$MyAccessibilityDelegate
android.support.v4.view.ViewPager$OnAdapterChangeListener
android.support.v4.view.ViewPager$OnPageChangeListener
android.support.v4.view.ViewPager$PageTransformer
android.support.v4.view.ViewPager$PagerObserver
android.support.v4.view.ViewPager$SavedState
android.support.v4.view.ViewPager$SavedState$1
android.support.v4.view.ViewPager$SimpleOnPageChangeListener
android.support.v4.view.ViewPager$ViewPositionComparator
android.support.v4.view.ViewParentCompat
android.support.v4.view.ViewParentCompat$ViewParentCompatICSImpl
android.support.v4.view.ViewParentCompat$ViewParentCompatImpl
android.support.v4.view.ViewParentCompat$ViewParentCompatKitKatImpl
android.support.v4.view.ViewParentCompat$ViewParentCompatLollipopImpl
android.support.v4.view.ViewParentCompat$ViewParentCompatStubImpl
android.support.v4.view.ViewParentCompatICS
android.support.v4.view.ViewParentCompatKitKat
android.support.v4.view.ViewParentCompatLollipop
android.support.v4.view.ViewPropertyAnimatorCompat
android.support.v4.view.ViewPropertyAnimatorCompat$BaseViewPropertyAnimatorCompatImpl
android.support.v4.view.ViewPropertyAnimatorCompat$BaseViewPropertyAnimatorCompatImpl$Starter
android.support.v4.view.ViewPropertyAnimatorCompat$ICSViewPropertyAnimatorCompatImpl
android.support.v4.view.ViewPropertyAnimatorCompat$ICSViewPropertyAnimatorCompatImpl$MyVpaListener
android.support.v4.view.ViewPropertyAnimatorCompat$JBMr2ViewPropertyAnimatorCompatImpl
android.support.v4.view.ViewPropertyAnimatorCompat$JBViewPropertyAnimatorCompatImpl
android.support.v4.view.ViewPropertyAnimatorCompat$KitKatViewPropertyAnimatorCompatImpl
android.support.v4.view.ViewPropertyAnimatorCompat$LollipopViewPropertyAnimatorCompatImpl
android.support.v4.view.ViewPropertyAnimatorCompat$ViewPropertyAnimatorCompatImpl
android.support.v4.view.ViewPropertyAnimatorCompatICS
android.support.v4.view.ViewPropertyAnimatorCompatICS$1
android.support.v4.view.ViewPropertyAnimatorCompatJB
android.support.v4.view.ViewPropertyAnimatorCompatJB$1
android.support.v4.view.ViewPropertyAnimatorCompatJellybeanMr2
android.support.v4.view.ViewPropertyAnimatorCompatKK
android.support.v4.view.ViewPropertyAnimatorCompatKK$1
android.support.v4.view.ViewPropertyAnimatorCompatLollipop
android.support.v4.view.ViewPropertyAnimatorListener
android.support.v4.view.ViewPropertyAnimatorListenerAdapter
android.support.v4.view.ViewPropertyAnimatorUpdateListener
android.support.v4.view.WindowCompat
android.support.v4.view.WindowInsetsCompat
android.support.v4.view.WindowInsetsCompat$WindowInsetsCompatApi20Impl
android.support.v4.view.WindowInsetsCompat$WindowInsetsCompatApi21Impl
android.support.v4.view.WindowInsetsCompat$WindowInsetsCompatBaseImpl
android.support.v4.view.WindowInsetsCompat$WindowInsetsCompatImpl
android.support.v4.view.WindowInsetsCompatApi20
android.support.v4.view.WindowInsetsCompatApi21
android.support.v4.view.accessibility.AccessibilityEventCompat
android.support.v4.view.accessibility.AccessibilityEventCompat$AccessibilityEventIcsImpl
android.support.v4.view.accessibility.AccessibilityEventCompat$AccessibilityEventJellyBeanImpl
android.support.v4.view.accessibility.AccessibilityEventCompat$AccessibilityEventKitKatImpl
android.support.v4.view.accessibility.AccessibilityEventCompat$AccessibilityEventStubImpl
android.support.v4.view.accessibility.AccessibilityEventCompat$AccessibilityEventVersionImpl
android.support.v4.view.accessibility.AccessibilityEventCompatIcs
android.support.v4.view.accessibility.AccessibilityEventCompatJellyBean
android.support.v4.view.accessibility.AccessibilityEventCompatKitKat
android.support.v4.view.accessibility.AccessibilityManagerCompat
android.support.v4.view.accessibility.AccessibilityManagerCompat$AccessibilityManagerIcsImpl